Using pre-set license
Built from '2020.3/staging' branch; Version is '2020.3.5f1 (8095aa901b9b) revision 8426922'; Using compiler version '192528614'; Build Type 'Release'
OS: 'Windows 10 Education; OS build 19042.508; Version 2009; 64bit' Language: 'en' Physical Memory: 32655 MB
BatchMode: 1, IsHumanControllingUs: 0, StartBugReporterOnCrash: 0, Is64bit: 1, IsPro: 0

 COMMAND LINE ARGUMENTS:
C:\Program Files\Unity\Hub\Editor\2020.3.5f1\Editor\Unity.exe
-adb2
-batchMode
-noUpm
-name
AssetImportWorker2
-projectPath
L:/CHEESEBALLS_STUDIOS/New Unity Project
-logFile
Logs/AssetImportWorker2.log
-srvPort
64939
Successfully changed project path to: L:/CHEESEBALLS_STUDIOS/New Unity Project
L:/CHEESEBALLS_STUDIOS/New Unity Project
Using Asset Import Pipeline V2.
Refreshing native plugins compatible for Editor in 60.61 ms, found 0 plugins.
Preloading 0 native plugins for Editor in 0.00 ms.
Initialize engine version: 2020.3.5f1 (8095aa901b9b)
[Subsystems] Discovering subsystems at path C:/Program Files/Unity/Hub/Editor/2020.3.5f1/Editor/Data/Resources/UnitySubsystems
[Subsystems] Discovering subsystems at path L:/CHEESEBALLS_STUDIOS/New Unity Project/Assets
GfxDevice: creating device client; threaded=0
Direct3D:
    Version:  Direct3D 11.0 [level 11.0]
    Renderer: NVIDIA GeForce GTX 770 (ID=0x1184)
    Vendor:   
    VRAM:     2007 MB
    Driver:   27.21.14.5698
Shader 'Universal Render Pipeline/Particles/Lit': fallback shader 'Universal Render Pipeline/Particles/SimpleLit' not found
Initialize mono
Mono path[0] = 'C:/Program Files/Unity/Hub/Editor/2020.3.5f1/Editor/Data/Managed'
Mono path[1] = 'C:/Program Files/Unity/Hub/Editor/2020.3.5f1/Editor/Data/MonoBleedingEdge/lib/mono/unityjit'
Mono config path = 'C:/Program Files/Unity/Hub/Editor/2020.3.5f1/Editor/Data/MonoBleedingEdge/etc'
Using monoOptions --debugger-agent=transport=dt_socket,embedding=1,server=y,suspend=n,address=127.0.0.1:56244
Begin MonoManager ReloadAssembly
Registering precompiled unity dll's ...
Register platform support module: C:/Program Files/Unity/Hub/Editor/2020.3.5f1/Editor/Data/PlaybackEngines/WebGLSupport/UnityEditor.WebGL.Extensions.dll
Register platform support module: C:/Program Files/Unity/Hub/Editor/2020.3.5f1/Editor/Data/PlaybackEngines/WindowsStandaloneSupport/UnityEditor.WindowsStandalone.Extensions.dll
Registered in 0.002244 seconds.
Native extension for WindowsStandalone target not found
Native extension for WebGL target not found
Refreshing native plugins compatible for Editor in 60.59 ms, found 0 plugins.
Preloading 0 native plugins for Editor in 0.00 ms.
Mono: successfully reloaded assembly
- Completed reload, in  1.301 seconds
Platform modules already initialized, skipping
Registering precompiled user dll's ...
Registered in 0.003259 seconds.
Begin MonoManager ReloadAssembly
Native extension for WindowsStandalone target not found
Native extension for WebGL target not found
Refreshing native plugins compatible for Editor in 50.87 ms, found 0 plugins.
Preloading 0 native plugins for Editor in 0.00 ms.
Mono: successfully reloaded assembly
- Completed reload, in  3.727 seconds
Platform modules already initialized, skipping
========================================================================
Worker process is ready to serve import requests
Shader 'Universal Render Pipeline/Particles/Lit': fallback shader 'Universal Render Pipeline/Particles/SimpleLit' not found
Launched and connected shader compiler UnityShaderCompiler.exe after 0.05 seconds
Refreshing native plugins compatible for Editor in 0.58 ms, found 0 plugins.
Preloading 0 native plugins for Editor in 0.00 ms.
Unloading 2369 Unused Serialized files (Serialized files now loaded: 0)
System memory in use before: 109.3 MB.
System memory in use after: 109.5 MB.

Unloading 11 unused Assets to reduce memory usage. Loaded Objects now: 2811.
Total: 4.313800 ms (FindLiveObjects: 0.349000 ms CreateObjectMapping: 0.304000 ms MarkObjects: 3.552100 ms  DeleteObjects: 0.107100 ms)

========================================================================
Received Import Request.
  path: Assets
  artifactKey: Guid(00000000000000001000000000000000) Importer(815301076,1909f56bfc062723c751e8b465ee728b)
Start importing Assets using Guid(00000000000000001000000000000000) Importer(815301076,1909f56bfc062723c751e8b465ee728b)  -> (artifact id: 'e4856052512617ee48189cf1d7999900') in 0.164853 seconds
  Import took 0.169191 seconds .

========================================================================
Received Import Request.
  Time since last request: 0.000293 seconds.
  path: Assets/Instances
  artifactKey: Guid(d61840a54110efa449c518653d1009c2) Importer(815301076,1909f56bfc062723c751e8b465ee728b)
Start importing Assets/Instances using Guid(d61840a54110efa449c518653d1009c2) Importer(815301076,1909f56bfc062723c751e8b465ee728b)  -> (artifact id: '70798c07d3c6663b0ce89e2adfcabb13') in 0.043352 seconds
  Import took 0.048971 seconds .

========================================================================
Received Import Request.
  Time since last request: 0.000224 seconds.
  path: Assets/New Folder
  artifactKey: Guid(a4e63b75315a78f4592fa254d28fa42e) Importer(815301076,1909f56bfc062723c751e8b465ee728b)
Start importing Assets/New Folder using Guid(a4e63b75315a78f4592fa254d28fa42e) Importer(815301076,1909f56bfc062723c751e8b465ee728b)  -> (artifact id: '39668238db751756ae9b0d83949623be') in 0.046094 seconds
  Import took 0.050666 seconds .

========================================================================
Received Import Request.
  Time since last request: 9.041254 seconds.
  path: Assets/Settings
  artifactKey: Guid(c24c1ba16648f7a43a15909a0cee395c) Importer(815301076,1909f56bfc062723c751e8b465ee728b)
Start importing Assets/Settings using Guid(c24c1ba16648f7a43a15909a0cee395c) Importer(815301076,1909f56bfc062723c751e8b465ee728b)  -> (artifact id: '0b22ca9eff08dd9f5b0ba393af4ee36f') in 0.057873 seconds
  Import took 0.063038 seconds .

========================================================================
Received Import Request.
  Time since last request: 45.081369 seconds.
  path: Assets/Settings/UniversalRenderPipelineAsset.asset
  artifactKey: Guid(fb10199074eefde4b84189c2d273675f) Importer(815301076,1909f56bfc062723c751e8b465ee728b)
Start importing Assets/Settings/UniversalRenderPipelineAsset.asset using Guid(fb10199074eefde4b84189c2d273675f) Importer(815301076,1909f56bfc062723c751e8b465ee728b)  -> (artifact id: 'f8365a027f1eacfd84a341add2f637e4') in 0.556663 seconds
  Import took 0.561859 seconds .

========================================================================
Received Import Request.
  Time since last request: 0.000203 seconds.
  path: Assets/Settings/UniversalRenderPipelineAsset_Renderer.asset
  artifactKey: Guid(aa451dc821b4ed2449d0b3fd936e7029) Importer(815301076,1909f56bfc062723c751e8b465ee728b)
Start importing Assets/Settings/UniversalRenderPipelineAsset_Renderer.asset using Guid(aa451dc821b4ed2449d0b3fd936e7029) Importer(815301076,1909f56bfc062723c751e8b465ee728b)  -> (artifact id: '640fad0b3428e2d815ac27ebdd153d76') in 0.085314 seconds
  Import took 0.089475 seconds .

========================================================================
Received Prepare
Switching render pipeline 00000000000000000000000000000000 -> fb10199074eefde4b84189c2d273675f
Shader 'Universal Render Pipeline/Particles/Lit': fallback shader 'Universal Render Pipeline/Particles/SimpleLit' not found
Refreshing native plugins compatible for Editor in 18.44 ms, found 0 plugins.
Preloading 0 native plugins for Editor in 0.00 ms.
Unloading 52 Unused Serialized files (Serialized files now loaded: 0)
System memory in use before: 62.7 MB.
System memory in use after: 62.9 MB.

Unloading 4 unused Assets to reduce memory usage. Loaded Objects now: 2859.
Total: 2.910700 ms (FindLiveObjects: 0.313000 ms CreateObjectMapping: 0.101100 ms MarkObjects: 2.404600 ms  DeleteObjects: 0.090800 ms)

========================================================================
Received Import Request.
  Time since last request: 129.016001 seconds.
  path: Assets/Shaders
  artifactKey: Guid(a4e63b75315a78f4592fa254d28fa42e) Importer(815301076,1909f56bfc062723c751e8b465ee728b)
Start importing Assets/Shaders using Guid(a4e63b75315a78f4592fa254d28fa42e) Importer(815301076,1909f56bfc062723c751e8b465ee728b)  -> (artifact id: 'f6c5af10b98b52f8b6421bf0b5ee339a') in 0.071266 seconds
  Import took 0.076821 seconds .

========================================================================
Received Import Request.
  Time since last request: 40.926171 seconds.
  path: Assets/Shaders/Toon.shadergraph
  artifactKey: Guid(d09bb10827c07e842b437dd7af44b46d) Importer(815301076,1909f56bfc062723c751e8b465ee728b)
Start importing Assets/Shaders/Toon.shadergraph using Guid(d09bb10827c07e842b437dd7af44b46d) Importer(815301076,1909f56bfc062723c751e8b465ee728b)  -> (artifact id: '18f17af8f530f9ca45e65d3a6f763e37') in 0.049404 seconds
  Import took 0.055088 seconds .

========================================================================
Received Import Request.
  Time since last request: 0.379616 seconds.
  path: Assets/Shaders/Toon.shadergraph
  artifactKey: Guid(d09bb10827c07e842b437dd7af44b46d) Importer(815301076,1909f56bfc062723c751e8b465ee728b)
Start importing Assets/Shaders/Toon.shadergraph using Guid(d09bb10827c07e842b437dd7af44b46d) Importer(815301076,1909f56bfc062723c751e8b465ee728b)  -> (artifact id: '18f17af8f530f9ca45e65d3a6f763e37') in 0.026204 seconds
  Import took 0.031638 seconds .

========================================================================
Received Import Request.
  Time since last request: 11.584896 seconds.
  path: Assets/Materials
  artifactKey: Guid(737ea449fc961844080bd1e7a3ff1bfb) Importer(815301076,1909f56bfc062723c751e8b465ee728b)
Start importing Assets/Materials using Guid(737ea449fc961844080bd1e7a3ff1bfb) Importer(815301076,1909f56bfc062723c751e8b465ee728b)  -> (artifact id: '0f6acd2572454f0d506232b7139368e5') in 0.050500 seconds
  Import took 0.055484 seconds .

========================================================================
Received Import Request.
  Time since last request: 8.061913 seconds.
  path: Assets/Materials/M_Toon.mat
  artifactKey: Guid(77bc5ceae9f04c44f957b428d188e09f) Importer(815301076,1909f56bfc062723c751e8b465ee728b)
Start importing Assets/Materials/M_Toon.mat using Guid(77bc5ceae9f04c44f957b428d188e09f) Importer(815301076,1909f56bfc062723c751e8b465ee728b)  -> (artifact id: '0fc0f0e2c57fd0b0047a0dfebf5f6ef9') in 0.400662 seconds
  Import took 0.406278 seconds .

AssetImportWorkerClient::OnTransportError - code=2 error=End of file
